2025-06-07 11:07:10,565 - INFO - Received simulation form data. -[in /home/akinyoola-samuel/simulation/app/views/views.py:47]
2025-06-07 11:07:10,783 - INFO - Database reset successful. -[in /home/akinyoola-samuel/simulation/database_population/seeds.py:271]
2025-06-07 11:07:10,783 - INFO - Seeding selected universities and departments... -[in /home/akinyoola-samuel/simulation/database_population/seeds.py:59]
2025-06-07 11:07:10,784 - INFO - Successfully loaded university data -[in /home/akinyoola-samuel/simulation/database_population/json_loader.py:9]
2025-06-07 11:07:10,784 - INFO - Successfully loaded department/course data -[in /home/akinyoola-samuel/simulation/database_population/json_loader.py:20]
2025-06-07 11:07:10,986 - INFO - Created 2 universities. -[in /home/akinyoola-samuel/simulation/database_population/seeds.py:102]
2025-06-07 11:07:11,005 - INFO - Starting simulation seeding... -[in /home/akinyoola-samuel/simulation/database_population/seeds.py:25]
2025-06-07 11:07:11,033 - INFO - Seeded 2 simulations. -[in /home/akinyoola-samuel/simulation/database_population/seeds.py:49]
2025-06-07 11:07:11,034 - INFO - Successfully loaded department/course data -[in /home/akinyoola-samuel/simulation/database_population/json_loader.py:20]
2025-06-07 11:07:11,066 - INFO - Starting student seeding... -[in /home/akinyoola-samuel/simulation/database_population/seeds.py:164]
2025-06-07 11:07:11,091 - INFO - Successfully loaded student data -[in /home/akinyoola-samuel/simulation/database_population/json_loader.py:31]
2025-06-07 11:07:11,394 - INFO - Seeded 100 students. -[in /home/akinyoola-samuel/simulation/database_population/seeds.py:258]
2025-06-07 11:07:11,397 - INFO - Data seeding complete. -[in /home/akinyoola-samuel/simulation/database_population/seeds.py:278]
2025-06-07 11:07:11,397 - INFO - Simulation setup created: students=100, simulations=2, level=100, universities=['University of Nigeria, Nsukka', 'Obafemi Awolowo University'] -[in /home/akinyoola-samuel/simulation/app/views/views.py:50]
2025-06-07 11:07:11,426 - INFO - Loading initial data... -[in /home/akinyoola-samuel/simulation/app/services/__init__.py:38]
2025-06-07 11:07:11,427 - INFO - Querying simulations from the database... -[in /home/akinyoola-samuel/simulation/app/services/loader.py:13]
2025-06-07 11:07:11,433 - INFO - Loading data for simulation ID: 1 -[in /home/akinyoola-samuel/simulation/app/services/loader.py:18]
2025-06-07 11:07:11,479 - INFO - Finished loading data for 2 simulations. -[in /home/akinyoola-samuel/simulation/app/services/loader.py:54]
2025-06-07 11:07:11,479 - INFO - Loading data for simulation ID: 2 -[in /home/akinyoola-samuel/simulation/app/services/loader.py:18]
2025-06-07 11:07:11,494 - INFO - Finished loading data for 2 simulations. -[in /home/akinyoola-samuel/simulation/app/services/loader.py:54]
2025-06-07 11:07:11,495 - INFO - Initial data loaded successfully. -[in /home/akinyoola-samuel/simulation/app/services/__init__.py:40]
2025-06-07 11:07:11,495 - INFO - Creating memory state... -[in /home/akinyoola-samuel/simulation/app/services/__init__.py:42]
2025-06-07 11:07:11,495 - INFO - Wrapping simulation data into memory state... -[in /home/akinyoola-samuel/simulation/app/services/memory_state.py:106]
2025-06-07 11:07:11,524 - INFO - Memory state created successfully for one simulation. -[in /home/akinyoola-samuel/simulation/app/services/memory_state.py:77]
2025-06-07 11:07:11,525 - INFO - Memory state merge completed. -[in /home/akinyoola-samuel/simulation/app/services/memory_state.py:100]
2025-06-07 11:07:11,541 - INFO - Memory state created successfully for one simulation. -[in /home/akinyoola-samuel/simulation/app/services/memory_state.py:77]
2025-06-07 11:07:11,541 - INFO - Memory state merge completed. -[in /home/akinyoola-samuel/simulation/app/services/memory_state.py:100]
2025-06-07 11:07:11,541 - INFO - All memory states wrapped successfully. -[in /home/akinyoola-samuel/simulation/app/services/memory_state.py:117]
2025-06-07 11:07:11,542 - INFO - Memory state created successfully. -[in /home/akinyoola-samuel/simulation/app/services/__init__.py:44]
2025-06-07 11:07:11,548 - INFO - Simulation data cached successfully. -[in /home/akinyoola-samuel/simulation/app/services/cache.py:14]
2025-06-07 11:07:11,548 - INFO - Simulation data loaded into cache successfully. -[in /home/akinyoola-samuel/simulation/app/views/views.py:71]
2025-06-07 11:07:11,560 - INFO - Cached simulation data retrieved successfully. -[in /home/akinyoola-samuel/simulation/app/services/cache.py:26]
2025-06-07 11:07:11,562 - INFO - Building flat lookup for memory factors... -[in /home/akinyoola-samuel/simulation/app/services/__init__.py:60]
2025-06-07 11:07:11,562 - INFO - Starting lookup... -[in /home/akinyoola-samuel/simulation/app/utils/build_flat_lookup.py:8]
2025-06-07 11:07:11,563 - INFO - Internal flat lookup fully loaded -[in /home/akinyoola-samuel/simulation/app/utils/build_flat_lookup.py:20]
2025-06-07 11:07:11,565 - INFO - Successfully cached: mem_internal_factor -[in /home/akinyoola-samuel/simulation/app/services/cache.py:41]
2025-06-07 11:07:11,565 - INFO - Starting lookup... -[in /home/akinyoola-samuel/simulation/app/utils/build_flat_lookup.py:8]
2025-06-07 11:07:11,567 - INFO - Institutional flat lookup fully loaded -[in /home/akinyoola-samuel/simulation/app/utils/build_flat_lookup.py:41]
2025-06-07 11:07:11,567 - INFO - Successfully cached: mem_institutional_factor -[in /home/akinyoola-samuel/simulation/app/services/cache.py:41]
2025-06-07 11:07:11,568 - INFO - Starting lookup... -[in /home/akinyoola-samuel/simulation/app/utils/build_flat_lookup.py:8]
2025-06-07 11:07:11,569 - INFO - External factors flat lookup fully loaded -[in /home/akinyoola-samuel/simulation/app/utils/build_flat_lookup.py:30]
2025-06-07 11:07:11,571 - INFO - Successfully cached: mem_external_factor -[in /home/akinyoola-samuel/simulation/app/services/cache.py:41]
2025-06-07 11:07:11,571 - INFO - Flat lookup built and cached successfully. -[in /home/akinyoola-samuel/simulation/app/services/__init__.py:80]
2025-06-07 11:07:11,571 - INFO - Flat lookup built successfully. -[in /home/akinyoola-samuel/simulation/app/views/views.py:88]
2025-06-07 11:07:11,904 - INFO - SimulationService initialized with simulation and student models. -[in /home/akinyoola-samuel/simulation/app/services/simulation_service.py:17]
2025-06-07 11:07:11,915 - INFO - Prepared chart instance array with 2 entries. -[in /home/akinyoola-samuel/simulation/app/services/simulation_service.py:35]
2025-06-07 11:07:11,915 - INFO - Chart instance generated successfully. -[in /home/akinyoola-samuel/simulation/app/views/views.py:117]
2025-06-07 11:10:12,075 - INFO - Received simulation form data. -[in /home/akinyoola-samuel/simulation/app/views/views.py:47]
2025-06-07 11:10:12,301 - INFO - Database reset successful. -[in /home/akinyoola-samuel/simulation/database_population/seeds.py:271]
2025-06-07 11:10:12,301 - INFO - Seeding selected universities and departments... -[in /home/akinyoola-samuel/simulation/database_population/seeds.py:59]
2025-06-07 11:10:12,302 - INFO - Successfully loaded university data -[in /home/akinyoola-samuel/simulation/database_population/json_loader.py:9]
2025-06-07 11:10:12,302 - INFO - Successfully loaded department/course data -[in /home/akinyoola-samuel/simulation/database_population/json_loader.py:20]
2025-06-07 11:10:12,484 - INFO - Created 2 universities. -[in /home/akinyoola-samuel/simulation/database_population/seeds.py:102]
2025-06-07 11:10:12,501 - INFO - Starting simulation seeding... -[in /home/akinyoola-samuel/simulation/database_population/seeds.py:25]
2025-06-07 11:10:12,528 - INFO - Seeded 2 simulations. -[in /home/akinyoola-samuel/simulation/database_population/seeds.py:49]
2025-06-07 11:10:12,529 - INFO - Successfully loaded department/course data -[in /home/akinyoola-samuel/simulation/database_population/json_loader.py:20]
2025-06-07 11:10:12,561 - INFO - Starting student seeding... -[in /home/akinyoola-samuel/simulation/database_population/seeds.py:164]
2025-06-07 11:10:12,586 - INFO - Successfully loaded student data -[in /home/akinyoola-samuel/simulation/database_population/json_loader.py:31]
2025-06-07 11:10:12,881 - INFO - Seeded 100 students. -[in /home/akinyoola-samuel/simulation/database_population/seeds.py:258]
2025-06-07 11:10:12,883 - INFO - Data seeding complete. -[in /home/akinyoola-samuel/simulation/database_population/seeds.py:278]
2025-06-07 11:10:12,884 - INFO - Simulation setup created: students=100, simulations=2, level=100, universities=['Obafemi Awolowo University', 'Ahmadu Bello University'] -[in /home/akinyoola-samuel/simulation/app/views/views.py:50]
2025-06-07 11:10:12,913 - INFO - Loading initial data... -[in /home/akinyoola-samuel/simulation/app/services/__init__.py:38]
2025-06-07 11:10:12,914 - INFO - Querying simulations from the database... -[in /home/akinyoola-samuel/simulation/app/services/loader.py:13]
2025-06-07 11:10:12,922 - INFO - Loading data for simulation ID: 1 -[in /home/akinyoola-samuel/simulation/app/services/loader.py:18]
2025-06-07 11:10:12,968 - INFO - Finished loading data for 2 simulations. -[in /home/akinyoola-samuel/simulation/app/services/loader.py:47]
2025-06-07 11:10:12,969 - INFO - Loading data for simulation ID: 2 -[in /home/akinyoola-samuel/simulation/app/services/loader.py:18]
2025-06-07 11:10:12,979 - INFO - Finished loading data for 2 simulations. -[in /home/akinyoola-samuel/simulation/app/services/loader.py:47]
2025-06-07 11:10:12,979 - INFO - Initial data loaded successfully. -[in /home/akinyoola-samuel/simulation/app/services/__init__.py:40]
2025-06-07 11:10:12,979 - INFO - Creating memory state... -[in /home/akinyoola-samuel/simulation/app/services/__init__.py:42]
2025-06-07 11:10:12,980 - INFO - Wrapping simulation data into memory state... -[in /home/akinyoola-samuel/simulation/app/services/memory_state.py:106]
2025-06-07 11:10:13,029 - INFO - Memory state created successfully for one simulation. -[in /home/akinyoola-samuel/simulation/app/services/memory_state.py:77]
2025-06-07 11:10:13,030 - INFO - Memory state merge completed. -[in /home/akinyoola-samuel/simulation/app/services/memory_state.py:100]
2025-06-07 11:10:13,039 - INFO - Memory state created successfully for one simulation. -[in /home/akinyoola-samuel/simulation/app/services/memory_state.py:77]
2025-06-07 11:10:13,039 - INFO - Memory state merge completed. -[in /home/akinyoola-samuel/simulation/app/services/memory_state.py:100]
2025-06-07 11:10:13,039 - INFO - All memory states wrapped successfully. -[in /home/akinyoola-samuel/simulation/app/services/memory_state.py:117]
2025-06-07 11:10:13,039 - INFO - Memory state created successfully. -[in /home/akinyoola-samuel/simulation/app/services/__init__.py:44]
2025-06-07 11:10:13,045 - INFO - Simulation data cached successfully. -[in /home/akinyoola-samuel/simulation/app/services/cache.py:14]
2025-06-07 11:10:13,045 - INFO - Simulation data loaded into cache successfully. -[in /home/akinyoola-samuel/simulation/app/views/views.py:71]
2025-06-07 11:10:13,057 - INFO - Cached simulation data retrieved successfully. -[in /home/akinyoola-samuel/simulation/app/services/cache.py:26]
2025-06-07 11:10:13,060 - INFO - Building flat lookup for memory factors... -[in /home/akinyoola-samuel/simulation/app/services/__init__.py:60]
2025-06-07 11:10:13,060 - INFO - Starting lookup... -[in /home/akinyoola-samuel/simulation/app/utils/build_flat_lookup.py:8]
2025-06-07 11:10:13,063 - INFO - Internal flat lookup fully loaded -[in /home/akinyoola-samuel/simulation/app/utils/build_flat_lookup.py:20]
2025-06-07 11:10:13,065 - INFO - Successfully cached: mem_internal_factor -[in /home/akinyoola-samuel/simulation/app/services/cache.py:41]
2025-06-07 11:10:13,065 - INFO - Starting lookup... -[in /home/akinyoola-samuel/simulation/app/utils/build_flat_lookup.py:8]
2025-06-07 11:10:13,067 - INFO - Institutional flat lookup fully loaded -[in /home/akinyoola-samuel/simulation/app/utils/build_flat_lookup.py:41]
2025-06-07 11:10:13,068 - INFO - Successfully cached: mem_institutional_factor -[in /home/akinyoola-samuel/simulation/app/services/cache.py:41]
2025-06-07 11:10:13,069 - INFO - Starting lookup... -[in /home/akinyoola-samuel/simulation/app/utils/build_flat_lookup.py:8]
2025-06-07 11:10:13,072 - INFO - External factors flat lookup fully loaded -[in /home/akinyoola-samuel/simulation/app/utils/build_flat_lookup.py:30]
2025-06-07 11:10:13,074 - INFO - Successfully cached: mem_external_factor -[in /home/akinyoola-samuel/simulation/app/services/cache.py:41]
2025-06-07 11:10:13,074 - INFO - Flat lookup built and cached successfully. -[in /home/akinyoola-samuel/simulation/app/services/__init__.py:80]
2025-06-07 11:10:13,075 - INFO - Flat lookup built successfully. -[in /home/akinyoola-samuel/simulation/app/views/views.py:88]
2025-06-07 11:10:13,319 - INFO - SimulationService initialized with simulation and student models. -[in /home/akinyoola-samuel/simulation/app/services/simulation_service.py:17]
2025-06-07 11:10:13,329 - INFO - Prepared chart instance array with 2 entries. -[in /home/akinyoola-samuel/simulation/app/services/simulation_service.py:35]
2025-06-07 11:10:13,330 - INFO - Chart instance generated successfully. -[in /home/akinyoola-samuel/simulation/app/views/views.py:117]
2025-06-07 11:14:05,298 - INFO - Cached simulation data retrieved successfully. -[in /home/akinyoola-samuel/simulation/app/services/cache.py:26]
2025-06-07 11:14:05,488 - INFO - SimulationService initialized with simulation and student models. -[in /home/akinyoola-samuel/simulation/app/services/simulation_service.py:17]
2025-06-07 11:14:05,488 - INFO - Processing simulation... -[in /home/akinyoola-samuel/simulation/app/services/__init__.py:92]
2025-06-07 11:14:05,489 - INFO - Cached lookup data for mem_internal_factor retrieved successfully. -[in /home/akinyoola-samuel/simulation/app/services/cache.py:52]
2025-06-07 11:14:05,491 - INFO - Cached lookup data for mem_external_factor retrieved successfully. -[in /home/akinyoola-samuel/simulation/app/services/cache.py:52]
2025-06-07 11:14:05,493 - INFO - Cached lookup data for mem_institutional_factor retrieved successfully. -[in /home/akinyoola-samuel/simulation/app/services/cache.py:52]
2025-06-07 11:14:05,494 - INFO - Starting simulation processing for 2 simulations. -[in /home/akinyoola-samuel/simulation/app/services/simulation_service.py:69]
2025-06-07 11:14:05,521 - INFO - Completed processing all simulations. -[in /home/akinyoola-samuel/simulation/app/services/simulation_service.py:113]
2025-06-07 11:14:05,522 - INFO - Simulation run successfully. -[in /home/akinyoola-samuel/simulation/app/services/__init__.py:94]
2025-06-07 11:14:05,522 - INFO - Simulation step completed successfully. -[in /home/akinyoola-samuel/simulation/app/views/views.py:144]
2025-06-07 11:14:07,297 - INFO - Cached simulation data retrieved successfully. -[in /home/akinyoola-samuel/simulation/app/services/cache.py:26]
2025-06-07 11:14:07,319 - INFO - SimulationService initialized with simulation and student models. -[in /home/akinyoola-samuel/simulation/app/services/simulation_service.py:17]
2025-06-07 11:14:07,320 - INFO - Processing simulation... -[in /home/akinyoola-samuel/simulation/app/services/__init__.py:92]
2025-06-07 11:14:07,321 - INFO - Cached lookup data for mem_internal_factor retrieved successfully. -[in /home/akinyoola-samuel/simulation/app/services/cache.py:52]
2025-06-07 11:14:07,322 - INFO - Cached lookup data for mem_external_factor retrieved successfully. -[in /home/akinyoola-samuel/simulation/app/services/cache.py:52]
2025-06-07 11:14:07,324 - INFO - Cached lookup data for mem_institutional_factor retrieved successfully. -[in /home/akinyoola-samuel/simulation/app/services/cache.py:52]
2025-06-07 11:14:07,324 - INFO - Starting simulation processing for 2 simulations. -[in /home/akinyoola-samuel/simulation/app/services/simulation_service.py:69]
2025-06-07 11:14:07,344 - INFO - Completed processing all simulations. -[in /home/akinyoola-samuel/simulation/app/services/simulation_service.py:113]
2025-06-07 11:14:07,344 - INFO - Simulation run successfully. -[in /home/akinyoola-samuel/simulation/app/services/__init__.py:94]
2025-06-07 11:14:07,345 - INFO - Simulation step completed successfully. -[in /home/akinyoola-samuel/simulation/app/views/views.py:144]
2025-06-07 11:14:09,359 - INFO - Cached simulation data retrieved successfully. -[in /home/akinyoola-samuel/simulation/app/services/cache.py:26]
2025-06-07 11:14:09,382 - INFO - SimulationService initialized with simulation and student models. -[in /home/akinyoola-samuel/simulation/app/services/simulation_service.py:17]
2025-06-07 11:14:09,383 - INFO - Processing simulation... -[in /home/akinyoola-samuel/simulation/app/services/__init__.py:92]
2025-06-07 11:14:09,384 - INFO - Cached lookup data for mem_internal_factor retrieved successfully. -[in /home/akinyoola-samuel/simulation/app/services/cache.py:52]
2025-06-07 11:14:09,385 - INFO - Cached lookup data for mem_external_factor retrieved successfully. -[in /home/akinyoola-samuel/simulation/app/services/cache.py:52]
2025-06-07 11:14:09,387 - INFO - Cached lookup data for mem_institutional_factor retrieved successfully. -[in /home/akinyoola-samuel/simulation/app/services/cache.py:52]
2025-06-07 11:14:09,388 - INFO - Starting simulation processing for 2 simulations. -[in /home/akinyoola-samuel/simulation/app/services/simulation_service.py:69]
2025-06-07 11:14:09,410 - INFO - Completed processing all simulations. -[in /home/akinyoola-samuel/simulation/app/services/simulation_service.py:113]
2025-06-07 11:14:09,411 - INFO - Simulation run successfully. -[in /home/akinyoola-samuel/simulation/app/services/__init__.py:94]
2025-06-07 11:14:09,412 - INFO - Simulation step completed successfully. -[in /home/akinyoola-samuel/simulation/app/views/views.py:144]
2025-06-07 11:14:11,425 - INFO - Cached simulation data retrieved successfully. -[in /home/akinyoola-samuel/simulation/app/services/cache.py:26]
2025-06-07 11:14:11,435 - INFO - SimulationService initialized with simulation and student models. -[in /home/akinyoola-samuel/simulation/app/services/simulation_service.py:17]
2025-06-07 11:14:11,435 - INFO - Processing simulation... -[in /home/akinyoola-samuel/simulation/app/services/__init__.py:92]
2025-06-07 11:14:11,436 - INFO - Cached lookup data for mem_internal_factor retrieved successfully. -[in /home/akinyoola-samuel/simulation/app/services/cache.py:52]
2025-06-07 11:14:11,437 - INFO - Cached lookup data for mem_external_factor retrieved successfully. -[in /home/akinyoola-samuel/simulation/app/services/cache.py:52]
2025-06-07 11:14:11,439 - INFO - Cached lookup data for mem_institutional_factor retrieved successfully. -[in /home/akinyoola-samuel/simulation/app/services/cache.py:52]
2025-06-07 11:14:11,439 - INFO - Starting simulation processing for 2 simulations. -[in /home/akinyoola-samuel/simulation/app/services/simulation_service.py:69]
2025-06-07 11:14:11,456 - INFO - Completed processing all simulations. -[in /home/akinyoola-samuel/simulation/app/services/simulation_service.py:113]
2025-06-07 11:14:11,456 - INFO - Simulation run successfully. -[in /home/akinyoola-samuel/simulation/app/services/__init__.py:94]
2025-06-07 11:14:11,457 - INFO - Simulation step completed successfully. -[in /home/akinyoola-samuel/simulation/app/views/views.py:144]
2025-06-07 11:14:13,471 - INFO - Cached simulation data retrieved successfully. -[in /home/akinyoola-samuel/simulation/app/services/cache.py:26]
2025-06-07 11:14:13,483 - INFO - SimulationService initialized with simulation and student models. -[in /home/akinyoola-samuel/simulation/app/services/simulation_service.py:17]
2025-06-07 11:14:13,483 - INFO - Processing simulation... -[in /home/akinyoola-samuel/simulation/app/services/__init__.py:92]
2025-06-07 11:14:13,484 - INFO - Cached lookup data for mem_internal_factor retrieved successfully. -[in /home/akinyoola-samuel/simulation/app/services/cache.py:52]
2025-06-07 11:14:13,486 - INFO - Cached lookup data for mem_external_factor retrieved successfully. -[in /home/akinyoola-samuel/simulation/app/services/cache.py:52]
2025-06-07 11:14:13,488 - INFO - Cached lookup data for mem_institutional_factor retrieved successfully. -[in /home/akinyoola-samuel/simulation/app/services/cache.py:52]
2025-06-07 11:14:13,488 - INFO - Starting simulation processing for 2 simulations. -[in /home/akinyoola-samuel/simulation/app/services/simulation_service.py:69]
2025-06-07 11:14:13,508 - INFO - Completed processing all simulations. -[in /home/akinyoola-samuel/simulation/app/services/simulation_service.py:113]
2025-06-07 11:14:13,509 - INFO - Simulation run successfully. -[in /home/akinyoola-samuel/simulation/app/services/__init__.py:94]
2025-06-07 11:14:13,510 - INFO - Simulation step completed successfully. -[in /home/akinyoola-samuel/simulation/app/views/views.py:144]
2025-06-07 11:14:15,525 - INFO - Cached simulation data retrieved successfully. -[in /home/akinyoola-samuel/simulation/app/services/cache.py:26]
2025-06-07 11:14:15,537 - INFO - SimulationService initialized with simulation and student models. -[in /home/akinyoola-samuel/simulation/app/services/simulation_service.py:17]
2025-06-07 11:14:15,537 - INFO - Processing simulation... -[in /home/akinyoola-samuel/simulation/app/services/__init__.py:92]
2025-06-07 11:14:15,538 - INFO - Cached lookup data for mem_internal_factor retrieved successfully. -[in /home/akinyoola-samuel/simulation/app/services/cache.py:52]
2025-06-07 11:14:15,540 - INFO - Cached lookup data for mem_external_factor retrieved successfully. -[in /home/akinyoola-samuel/simulation/app/services/cache.py:52]
2025-06-07 11:14:15,541 - INFO - Cached lookup data for mem_institutional_factor retrieved successfully. -[in /home/akinyoola-samuel/simulation/app/services/cache.py:52]
2025-06-07 11:14:15,542 - INFO - Starting simulation processing for 2 simulations. -[in /home/akinyoola-samuel/simulation/app/services/simulation_service.py:69]
2025-06-07 11:14:15,560 - INFO - Completed processing all simulations. -[in /home/akinyoola-samuel/simulation/app/services/simulation_service.py:113]
2025-06-07 11:14:15,560 - INFO - Simulation run successfully. -[in /home/akinyoola-samuel/simulation/app/services/__init__.py:94]
2025-06-07 11:14:15,561 - INFO - Simulation step completed successfully. -[in /home/akinyoola-samuel/simulation/app/views/views.py:144]
2025-06-07 11:14:17,574 - INFO - Cached simulation data retrieved successfully. -[in /home/akinyoola-samuel/simulation/app/services/cache.py:26]
2025-06-07 11:14:17,584 - INFO - SimulationService initialized with simulation and student models. -[in /home/akinyoola-samuel/simulation/app/services/simulation_service.py:17]
2025-06-07 11:14:17,584 - INFO - Processing simulation... -[in /home/akinyoola-samuel/simulation/app/services/__init__.py:92]
2025-06-07 11:14:17,585 - INFO - Cached lookup data for mem_internal_factor retrieved successfully. -[in /home/akinyoola-samuel/simulation/app/services/cache.py:52]
2025-06-07 11:14:17,586 - INFO - Cached lookup data for mem_external_factor retrieved successfully. -[in /home/akinyoola-samuel/simulation/app/services/cache.py:52]
2025-06-07 11:14:17,588 - INFO - Cached lookup data for mem_institutional_factor retrieved successfully. -[in /home/akinyoola-samuel/simulation/app/services/cache.py:52]
2025-06-07 11:14:17,588 - INFO - Starting simulation processing for 2 simulations. -[in /home/akinyoola-samuel/simulation/app/services/simulation_service.py:69]
2025-06-07 11:14:17,603 - INFO - Completed processing all simulations. -[in /home/akinyoola-samuel/simulation/app/services/simulation_service.py:113]
2025-06-07 11:14:17,604 - INFO - Simulation run successfully. -[in /home/akinyoola-samuel/simulation/app/services/__init__.py:94]
2025-06-07 11:14:17,604 - INFO - Simulation step completed successfully. -[in /home/akinyoola-samuel/simulation/app/views/views.py:144]
2025-06-07 11:14:19,576 - INFO - Cached simulation data retrieved successfully. -[in /home/akinyoola-samuel/simulation/app/services/cache.py:26]
2025-06-07 11:14:19,586 - INFO - SimulationService initialized with simulation and student models. -[in /home/akinyoola-samuel/simulation/app/services/simulation_service.py:17]
2025-06-07 11:14:19,586 - INFO - Processing simulation... -[in /home/akinyoola-samuel/simulation/app/services/__init__.py:92]
2025-06-07 11:14:19,587 - INFO - Cached lookup data for mem_internal_factor retrieved successfully. -[in /home/akinyoola-samuel/simulation/app/services/cache.py:52]
2025-06-07 11:14:19,589 - INFO - Cached lookup data for mem_external_factor retrieved successfully. -[in /home/akinyoola-samuel/simulation/app/services/cache.py:52]
2025-06-07 11:14:19,590 - INFO - Cached lookup data for mem_institutional_factor retrieved successfully. -[in /home/akinyoola-samuel/simulation/app/services/cache.py:52]
2025-06-07 11:14:19,591 - INFO - Starting simulation processing for 2 simulations. -[in /home/akinyoola-samuel/simulation/app/services/simulation_service.py:69]
2025-06-07 11:14:19,606 - INFO - Completed processing all simulations. -[in /home/akinyoola-samuel/simulation/app/services/simulation_service.py:113]
2025-06-07 11:14:19,606 - INFO - Simulation run successfully. -[in /home/akinyoola-samuel/simulation/app/services/__init__.py:94]
2025-06-07 11:14:19,607 - INFO - Simulation step completed successfully. -[in /home/akinyoola-samuel/simulation/app/views/views.py:144]
2025-06-07 11:14:21,620 - INFO - Cached simulation data retrieved successfully. -[in /home/akinyoola-samuel/simulation/app/services/cache.py:26]
2025-06-07 11:14:21,631 - INFO - SimulationService initialized with simulation and student models. -[in /home/akinyoola-samuel/simulation/app/services/simulation_service.py:17]
2025-06-07 11:14:21,631 - INFO - Processing simulation... -[in /home/akinyoola-samuel/simulation/app/services/__init__.py:92]
2025-06-07 11:14:21,632 - INFO - Cached lookup data for mem_internal_factor retrieved successfully. -[in /home/akinyoola-samuel/simulation/app/services/cache.py:52]
2025-06-07 11:14:21,634 - INFO - Cached lookup data for mem_external_factor retrieved successfully. -[in /home/akinyoola-samuel/simulation/app/services/cache.py:52]
2025-06-07 11:14:21,635 - INFO - Cached lookup data for mem_institutional_factor retrieved successfully. -[in /home/akinyoola-samuel/simulation/app/services/cache.py:52]
2025-06-07 11:14:21,636 - INFO - Starting simulation processing for 2 simulations. -[in /home/akinyoola-samuel/simulation/app/services/simulation_service.py:69]
2025-06-07 11:14:21,651 - INFO - Completed processing all simulations. -[in /home/akinyoola-samuel/simulation/app/services/simulation_service.py:113]
2025-06-07 11:14:21,652 - INFO - Simulation run successfully. -[in /home/akinyoola-samuel/simulation/app/services/__init__.py:94]
2025-06-07 11:14:21,652 - INFO - Simulation step completed successfully. -[in /home/akinyoola-samuel/simulation/app/views/views.py:144]
2025-06-07 11:14:23,788 - INFO - Cached simulation data retrieved successfully. -[in /home/akinyoola-samuel/simulation/app/services/cache.py:26]
2025-06-07 11:14:23,799 - INFO - SimulationService initialized with simulation and student models. -[in /home/akinyoola-samuel/simulation/app/services/simulation_service.py:17]
2025-06-07 11:14:23,799 - INFO - Processing simulation... -[in /home/akinyoola-samuel/simulation/app/services/__init__.py:92]
2025-06-07 11:14:23,800 - INFO - Cached lookup data for mem_internal_factor retrieved successfully. -[in /home/akinyoola-samuel/simulation/app/services/cache.py:52]
2025-06-07 11:14:23,802 - INFO - Cached lookup data for mem_external_factor retrieved successfully. -[in /home/akinyoola-samuel/simulation/app/services/cache.py:52]
2025-06-07 11:14:23,803 - INFO - Cached lookup data for mem_institutional_factor retrieved successfully. -[in /home/akinyoola-samuel/simulation/app/services/cache.py:52]
2025-06-07 11:14:23,804 - INFO - Starting simulation processing for 2 simulations. -[in /home/akinyoola-samuel/simulation/app/services/simulation_service.py:69]
2025-06-07 11:14:23,821 - INFO - Completed processing all simulations. -[in /home/akinyoola-samuel/simulation/app/services/simulation_service.py:113]
2025-06-07 11:14:23,822 - INFO - Simulation run successfully. -[in /home/akinyoola-samuel/simulation/app/services/__init__.py:94]
2025-06-07 11:14:23,822 - INFO - Simulation step completed successfully. -[in /home/akinyoola-samuel/simulation/app/views/views.py:144]
2025-06-07 11:14:25,841 - INFO - Cached simulation data retrieved successfully. -[in /home/akinyoola-samuel/simulation/app/services/cache.py:26]
2025-06-07 11:14:25,852 - INFO - SimulationService initialized with simulation and student models. -[in /home/akinyoola-samuel/simulation/app/services/simulation_service.py:17]
2025-06-07 11:14:25,852 - INFO - Processing simulation... -[in /home/akinyoola-samuel/simulation/app/services/__init__.py:92]
2025-06-07 11:14:25,853 - INFO - Cached lookup data for mem_internal_factor retrieved successfully. -[in /home/akinyoola-samuel/simulation/app/services/cache.py:52]
2025-06-07 11:14:25,855 - INFO - Cached lookup data for mem_external_factor retrieved successfully. -[in /home/akinyoola-samuel/simulation/app/services/cache.py:52]
2025-06-07 11:14:25,857 - INFO - Cached lookup data for mem_institutional_factor retrieved successfully. -[in /home/akinyoola-samuel/simulation/app/services/cache.py:52]
2025-06-07 11:14:25,858 - INFO - Starting simulation processing for 2 simulations. -[in /home/akinyoola-samuel/simulation/app/services/simulation_service.py:69]
2025-06-07 11:14:25,876 - INFO - Completed processing all simulations. -[in /home/akinyoola-samuel/simulation/app/services/simulation_service.py:113]
2025-06-07 11:14:25,877 - INFO - Simulation run successfully. -[in /home/akinyoola-samuel/simulation/app/services/__init__.py:94]
2025-06-07 11:14:25,878 - INFO - Simulation step completed successfully. -[in /home/akinyoola-samuel/simulation/app/views/views.py:144]
2025-06-07 11:14:27,894 - INFO - Cached simulation data retrieved successfully. -[in /home/akinyoola-samuel/simulation/app/services/cache.py:26]
2025-06-07 11:14:27,910 - INFO - SimulationService initialized with simulation and student models. -[in /home/akinyoola-samuel/simulation/app/services/simulation_service.py:17]
2025-06-07 11:14:27,910 - INFO - Processing simulation... -[in /home/akinyoola-samuel/simulation/app/services/__init__.py:92]
2025-06-07 11:14:27,911 - INFO - Cached lookup data for mem_internal_factor retrieved successfully. -[in /home/akinyoola-samuel/simulation/app/services/cache.py:52]
2025-06-07 11:14:27,914 - INFO - Cached lookup data for mem_external_factor retrieved successfully. -[in /home/akinyoola-samuel/simulation/app/services/cache.py:52]
2025-06-07 11:14:27,916 - INFO - Cached lookup data for mem_institutional_factor retrieved successfully. -[in /home/akinyoola-samuel/simulation/app/services/cache.py:52]
2025-06-07 11:14:27,917 - INFO - Starting simulation processing for 2 simulations. -[in /home/akinyoola-samuel/simulation/app/services/simulation_service.py:69]
2025-06-07 11:14:27,937 - INFO - Completed processing all simulations. -[in /home/akinyoola-samuel/simulation/app/services/simulation_service.py:113]
2025-06-07 11:14:27,937 - INFO - Simulation run successfully. -[in /home/akinyoola-samuel/simulation/app/services/__init__.py:94]
2025-06-07 11:14:27,938 - INFO - Simulation step completed successfully. -[in /home/akinyoola-samuel/simulation/app/views/views.py:144]
2025-06-07 11:14:29,952 - INFO - Cached simulation data retrieved successfully. -[in /home/akinyoola-samuel/simulation/app/services/cache.py:26]
2025-06-07 11:14:29,961 - INFO - SimulationService initialized with simulation and student models. -[in /home/akinyoola-samuel/simulation/app/services/simulation_service.py:17]
2025-06-07 11:14:29,962 - INFO - Processing simulation... -[in /home/akinyoola-samuel/simulation/app/services/__init__.py:92]
2025-06-07 11:14:29,962 - INFO - Cached lookup data for mem_internal_factor retrieved successfully. -[in /home/akinyoola-samuel/simulation/app/services/cache.py:52]
2025-06-07 11:14:29,964 - INFO - Cached lookup data for mem_external_factor retrieved successfully. -[in /home/akinyoola-samuel/simulation/app/services/cache.py:52]
2025-06-07 11:14:29,966 - INFO - Cached lookup data for mem_institutional_factor retrieved successfully. -[in /home/akinyoola-samuel/simulation/app/services/cache.py:52]
2025-06-07 11:14:29,966 - INFO - Starting simulation processing for 2 simulations. -[in /home/akinyoola-samuel/simulation/app/services/simulation_service.py:69]
2025-06-07 11:14:29,982 - INFO - Completed processing all simulations. -[in /home/akinyoola-samuel/simulation/app/services/simulation_service.py:113]
2025-06-07 11:14:29,982 - INFO - Simulation run successfully. -[in /home/akinyoola-samuel/simulation/app/services/__init__.py:94]
2025-06-07 11:14:29,983 - INFO - Simulation step completed successfully. -[in /home/akinyoola-samuel/simulation/app/views/views.py:144]
2025-06-07 11:14:31,995 - INFO - Cached simulation data retrieved successfully. -[in /home/akinyoola-samuel/simulation/app/services/cache.py:26]
2025-06-07 11:14:32,006 - INFO - SimulationService initialized with simulation and student models. -[in /home/akinyoola-samuel/simulation/app/services/simulation_service.py:17]
2025-06-07 11:14:32,006 - INFO - Processing simulation... -[in /home/akinyoola-samuel/simulation/app/services/__init__.py:92]
2025-06-07 11:14:32,008 - INFO - Cached lookup data for mem_internal_factor retrieved successfully. -[in /home/akinyoola-samuel/simulation/app/services/cache.py:52]
2025-06-07 11:14:32,010 - INFO - Cached lookup data for mem_external_factor retrieved successfully. -[in /home/akinyoola-samuel/simulation/app/services/cache.py:52]
2025-06-07 11:14:32,012 - INFO - Cached lookup data for mem_institutional_factor retrieved successfully. -[in /home/akinyoola-samuel/simulation/app/services/cache.py:52]
2025-06-07 11:14:32,012 - INFO - Starting simulation processing for 2 simulations. -[in /home/akinyoola-samuel/simulation/app/services/simulation_service.py:69]
2025-06-07 11:14:32,033 - INFO - Completed processing all simulations. -[in /home/akinyoola-samuel/simulation/app/services/simulation_service.py:113]
2025-06-07 11:14:32,033 - INFO - Simulation run successfully. -[in /home/akinyoola-samuel/simulation/app/services/__init__.py:94]
2025-06-07 11:14:32,034 - INFO - Simulation step completed successfully. -[in /home/akinyoola-samuel/simulation/app/views/views.py:144]
2025-06-07 11:14:34,009 - INFO - Cached simulation data retrieved successfully. -[in /home/akinyoola-samuel/simulation/app/services/cache.py:26]
2025-06-07 11:14:34,019 - INFO - SimulationService initialized with simulation and student models. -[in /home/akinyoola-samuel/simulation/app/services/simulation_service.py:17]
2025-06-07 11:14:34,019 - INFO - Processing simulation... -[in /home/akinyoola-samuel/simulation/app/services/__init__.py:92]
2025-06-07 11:14:34,020 - INFO - Cached lookup data for mem_internal_factor retrieved successfully. -[in /home/akinyoola-samuel/simulation/app/services/cache.py:52]
2025-06-07 11:14:34,022 - INFO - Cached lookup data for mem_external_factor retrieved successfully. -[in /home/akinyoola-samuel/simulation/app/services/cache.py:52]
2025-06-07 11:14:34,024 - INFO - Cached lookup data for mem_institutional_factor retrieved successfully. -[in /home/akinyoola-samuel/simulation/app/services/cache.py:52]
2025-06-07 11:14:34,024 - INFO - Starting simulation processing for 2 simulations. -[in /home/akinyoola-samuel/simulation/app/services/simulation_service.py:69]
2025-06-07 11:14:34,039 - INFO - Completed processing all simulations. -[in /home/akinyoola-samuel/simulation/app/services/simulation_service.py:113]
2025-06-07 11:14:34,040 - INFO - Simulation run successfully. -[in /home/akinyoola-samuel/simulation/app/services/__init__.py:94]
2025-06-07 11:14:34,040 - INFO - Simulation step completed successfully. -[in /home/akinyoola-samuel/simulation/app/views/views.py:144]
2025-06-07 11:14:36,054 - INFO - Cached simulation data retrieved successfully. -[in /home/akinyoola-samuel/simulation/app/services/cache.py:26]
2025-06-07 11:14:36,064 - INFO - SimulationService initialized with simulation and student models. -[in /home/akinyoola-samuel/simulation/app/services/simulation_service.py:17]
2025-06-07 11:14:36,065 - INFO - Processing simulation... -[in /home/akinyoola-samuel/simulation/app/services/__init__.py:92]
2025-06-07 11:14:36,066 - INFO - Cached lookup data for mem_internal_factor retrieved successfully. -[in /home/akinyoola-samuel/simulation/app/services/cache.py:52]
2025-06-07 11:14:36,068 - INFO - Cached lookup data for mem_external_factor retrieved successfully. -[in /home/akinyoola-samuel/simulation/app/services/cache.py:52]
2025-06-07 11:14:36,070 - INFO - Cached lookup data for mem_institutional_factor retrieved successfully. -[in /home/akinyoola-samuel/simulation/app/services/cache.py:52]
2025-06-07 11:14:36,070 - INFO - Starting simulation processing for 2 simulations. -[in /home/akinyoola-samuel/simulation/app/services/simulation_service.py:69]
2025-06-07 11:14:36,090 - INFO - Completed processing all simulations. -[in /home/akinyoola-samuel/simulation/app/services/simulation_service.py:113]
2025-06-07 11:14:36,090 - INFO - Simulation run successfully. -[in /home/akinyoola-samuel/simulation/app/services/__init__.py:94]
2025-06-07 11:14:36,091 - INFO - Simulation step completed successfully. -[in /home/akinyoola-samuel/simulation/app/views/views.py:144]
